<?xml version="1.0" encoding="UTF-8"?>
<!-- Generated by org.testng.reporters.JUnitReportReporter -->
<testsuite hostname="Haritha" failures="0" tests="2" name="com.recipe.scrapping.test.RecipeScrappingRunner" time="617.480" errors="0" timestamp="2024-07-16T13:27:38 CDT" skipped="0">
  <testcase classname="com.recipe.scrapping.test.RecipeScrappingRunner" name="recipes" time="617.480"/>
  <testcase classname="com.recipe.scrapping.test.RecipeScrappingRunner" name="startScraping" time="0.000"/>
</testsuite> <!-- com.recipe.scrapping.test.RecipeScrappingRunner -->
