<?xml version="1.0" encoding="UTF-8"?>
<!-- Generated by org.testng.reporters.JUnitReportReporter -->
<testsuite hostname="Haritha" failures="0" tests="1" name="com.recipe.scrapping.test.RecipeScrappingRunner" time="46.698" errors="0" timestamp="2024-07-17T09:47:28 CDT" skipped="0">
  <testcase classname="com.recipe.scrapping.test.RecipeScrappingRunner" name="startScraping_LFV" time="46.698"/>
</testsuite> <!-- com.recipe.scrapping.test.RecipeScrappingRunner -->
