<?xml version="1.0" encoding="UTF-8"?>
<!-- Generated by org.testng.reporters.JUnitReportReporter -->
<testsuite hostname="Haritha" failures="0" tests="1" name="com.recipe.scraping.LFV.LFVElimination" time="6.228" errors="0" timestamp="2024-07-12T16:15:58 CDT" skipped="0">
  <testcase classname="com.recipe.scraping.LFV.LFVElimination" name="elimination" time="6.228"/>
</testsuite> <!-- com.recipe.scraping.LFV.LFVElimination -->
