<?xml version="1.0" encoding="UTF-8"?>
<!-- Generated by org.testng.reporters.JUnitReportReporter -->
<testsuite hostname="Shruthis-Air.wowway.com" failures="0" tests="2" name="com.recipe.scrapping.test.RecipeScrappingRunner" time="1500.309" errors="0" timestamp="2024-07-16T14:38:53 EDT" skipped="0">
  <testcase classname="com.recipe.scrapping.test.RecipeScrappingRunner" name="recipes" time="1500.269"/>
  <testcase classname="com.recipe.scrapping.test.RecipeScrappingRunner" name="startScraping" time="0.040"/>
</testsuite> <!-- com.recipe.scrapping.test.RecipeScrappingRunner -->
